[debug] [2026-05-03T07:06:32.177Z] ----------------------------------------------------------------------
[debug] [2026-05-03T07:06:32.180Z] Command:       /Users/ruben/.nvm/versions/node/v22.13.0/bin/node /Users/ruben/.nvm/versions/node/v22.13.0/bin/firebase deploy --only functions:sendPortfolioEmail
[debug] [2026-05-03T07:06:32.180Z] CLI Version:   15.6.0
[debug] [2026-05-03T07:06:32.181Z] Platform:      darwin
[debug] [2026-05-03T07:06:32.181Z] Node Version:  v22.13.0
[debug] [2026-05-03T07:06:32.181Z] Time:          Sun May 03 2026 00:06:32 GMT-0700 (Pacific Daylight Time)
[debug] [2026-05-03T07:06:32.181Z] ----------------------------------------------------------------------
[debug] 
[debug] [2026-05-03T07:06:33.034Z] > command requires scopes: ["email","openid","https://www.googleapis.com/auth/cloudplatformprojects.readonly","https://www.googleapis.com/auth/firebase","https://www.googleapis.com/auth/cloud-platform"]
[debug] [2026-05-03T07:06:33.034Z] > authorizing via signed-in user (ruben.jim.co@gmail.com)
[debug] [2026-05-03T07:06:33.034Z] [iam] checking project portfolio-2578e for permissions ["cloudfunctions.functions.create","cloudfunctions.functions.delete","cloudfunctions.functions.get","cloudfunctions.functions.list","cloudfunctions.functions.update","cloudfunctions.operations.get","firebase.projects.get"]
[debug] [2026-05-03T07:06:33.035Z] Checked if tokens are valid: false, expires at: 1777792355480
[debug] [2026-05-03T07:06:33.035Z] Checked if tokens are valid: false, expires at: 1777792355480
[debug] [2026-05-03T07:06:33.035Z] > refreshing access token with scopes: []
[debug] [2026-05-03T07:06:33.036Z] >>> [apiv2][query] POST https://www.googleapis.com/oauth2/v3/token [none]
[debug] [2026-05-03T07:06:33.036Z] >>> [apiv2][body] POST https://www.googleapis.com/oauth2/v3/token [omitted]
[debug] [2026-05-03T07:06:33.262Z] <<< [apiv2][status] POST https://www.googleapis.com/oauth2/v3/token 200
[debug] [2026-05-03T07:06:33.262Z] <<< [apiv2][body] POST https://www.googleapis.com/oauth2/v3/token [omitted]
[debug] [2026-05-03T07:06:33.274Z] >>> [apiv2][query] POST https://cloudresourcemanager.googleapis.com/v1/projects/portfolio-2578e:testIamPermissions [none]
[debug] [2026-05-03T07:06:33.274Z] >>> [apiv2][(partial)header] POST https://cloudresourcemanager.googleapis.com/v1/projects/portfolio-2578e:testIamPermissions  x-goog-user-project=portfolio-2578e
[debug] [2026-05-03T07:06:33.275Z] >>> [apiv2][body] POST https://cloudresourcemanager.googleapis.com/v1/projects/portfolio-2578e:testIamPermissions {"permissions":["cloudfunctions.functions.create","cloudfunctions.functions.delete","cloudfunctions.functions.get","cloudfunctions.functions.list","cloudfunctions.functions.update","cloudfunctions.operations.get","firebase.projects.get"]}
[debug] [2026-05-03T07:06:33.463Z] <<< [apiv2][status] POST https://cloudresourcemanager.googleapis.com/v1/projects/portfolio-2578e:testIamPermissions 200
[debug] [2026-05-03T07:06:33.464Z] <<< [apiv2][body] POST https://cloudresourcemanager.googleapis.com/v1/projects/portfolio-2578e:testIamPermissions {"permissions":["cloudfunctions.functions.create","cloudfunctions.functions.delete","cloudfunctions.functions.get","cloudfunctions.functions.list","cloudfunctions.functions.update","cloudfunctions.operations.get","firebase.projects.get"]}
[debug] [2026-05-03T07:06:33.464Z] Checked if tokens are valid: true, expires at: 1777795592262
[debug] [2026-05-03T07:06:33.464Z] Checked if tokens are valid: true, expires at: 1777795592262
[debug] [2026-05-03T07:06:33.464Z] >>> [apiv2][query] POST https://iam.googleapis.com/v1/projects/portfolio-2578e/serviceAccounts/portfolio-2578e@appspot.gserviceaccount.com:testIamPermissions [none]
[debug] [2026-05-03T07:06:33.464Z] >>> [apiv2][body] POST https://iam.googleapis.com/v1/projects/portfolio-2578e/serviceAccounts/portfolio-2578e@appspot.gserviceaccount.com:testIamPermissions {"permissions":["iam.serviceAccounts.actAs"]}
[debug] [2026-05-03T07:06:33.705Z] <<< [apiv2][status] POST https://iam.googleapis.com/v1/projects/portfolio-2578e/serviceAccounts/portfolio-2578e@appspot.gserviceaccount.com:testIamPermissions 200
[debug] [2026-05-03T07:06:33.705Z] <<< [apiv2][body] POST https://iam.googleapis.com/v1/projects/portfolio-2578e/serviceAccounts/portfolio-2578e@appspot.gserviceaccount.com:testIamPermissions {"permissions":["iam.serviceAccounts.actAs"]}
[info] 
[info] === Deploying to 'portfolio-2578e'...
[info] 
[info] i  deploying functions 
[info] ✔  functions: Finished running predeploy script. 
[debug] [2026-05-03T07:06:33.709Z] Checked if tokens are valid: true, expires at: 1777795592262
[debug] [2026-05-03T07:06:33.709Z] Checked if tokens are valid: true, expires at: 1777795592262
[debug] [2026-05-03T07:06:33.710Z] >>> [apiv2][query] GET https://cloudresourcemanager.googleapis.com/v1/projects/portfolio-2578e [none]
[debug] [2026-05-03T07:06:33.876Z] <<< [apiv2][status] GET https://cloudresourcemanager.googleapis.com/v1/projects/portfolio-2578e 200
[debug] [2026-05-03T07:06:33.877Z] <<< [apiv2][body] GET https://cloudresourcemanager.googleapis.com/v1/projects/portfolio-2578e {"projectNumber":"980239353589","projectId":"portfolio-2578e","lifecycleState":"ACTIVE","name":"Portfolio","labels":{"firebase":"enabled","firebase-core":"disabled"},"createTime":"2025-09-27T06:29:23.731801Z"}
[info] i  functions: preparing codebase default for deployment 
[info] i  functions: ensuring required API cloudfunctions.googleapis.com is enabled... 
[info] i  functions: ensuring required API cloudbuild.googleapis.com is enabled... 
[info] i  artifactregistry: ensuring required API artifactregistry.googleapis.com is enabled... 
[debug] [2026-05-03T07:06:33.879Z] Checked if tokens are valid: true, expires at: 1777795592262
[debug] [2026-05-03T07:06:33.879Z] Checked if tokens are valid: true, expires at: 1777795592262
[debug] [2026-05-03T07:06:33.879Z] >>> [apiv2][query] GET https://firebase.googleapis.com/v1beta1/projects/portfolio-2578e/adminSdkConfig [none]
[debug] [2026-05-03T07:06:34.175Z] <<< [apiv2][status] GET https://firebase.googleapis.com/v1beta1/projects/portfolio-2578e/adminSdkConfig 200
[debug] [2026-05-03T07:06:34.176Z] <<< [apiv2][body] GET https://firebase.googleapis.com/v1beta1/projects/portfolio-2578e/adminSdkConfig {"projectId":"portfolio-2578e","databaseURL":"https://portfolio-2578e-default-rtdb.firebaseio.com","storageBucket":"portfolio-2578e.firebasestorage.app"}
[debug] [2026-05-03T07:06:34.176Z] Checked if tokens are valid: true, expires at: 1777795592262
[debug] [2026-05-03T07:06:34.176Z] Checked if tokens are valid: true, expires at: 1777795592262
[debug] [2026-05-03T07:06:34.176Z] >>> [apiv2][query] GET https://runtimeconfig.googleapis.com/v1beta1/projects/portfolio-2578e/configs [none]
[debug] [2026-05-03T07:06:34.462Z] <<< [apiv2][status] GET https://runtimeconfig.googleapis.com/v1beta1/projects/portfolio-2578e/configs 200
[debug] [2026-05-03T07:06:34.463Z] <<< [apiv2][body] GET https://runtimeconfig.googleapis.com/v1beta1/projects/portfolio-2578e/configs {}
[debug] [2026-05-03T07:06:34.464Z] Validating nodejs source
[warn] ⚠  functions: Runtime Node.js 20 was deprecated on 2026-04-30 and will be decommissioned on 2026-10-30, after which you will not be able to deploy without upgrading. Consider upgrading now to avoid disruption. See https://cloud.google.com/functions/docs/runtime-support for full details on the lifecycle policy 
[warn] ⚠  functions: package.json indicates an outdated version of firebase-functions. Please upgrade using npm install --save firebase-functions@latest in your functions directory. 
[warn] ⚠  functions: Please note that there will be breaking changes when you upgrade. 
[debug] [2026-05-03T07:06:35.180Z] > [functions] package.json contents: {
  "name": "portfolio-functions",
  "description": "HTTPS email relay for portfolio (Resend)",
  "private": true,
  "engines": {
    "node": "20"
  },
  "main": "index.js",
  "dependencies": {
    "firebase-admin": "^12.6.0",
    "firebase-functions": "^6.1.0",
    "resend": "^4.0.1"
  }
}
[debug] [2026-05-03T07:06:35.180Z] Building nodejs source
[info] i  functions: Loading and analyzing source code for codebase default to determine what to deploy 
[debug] [2026-05-03T07:06:35.180Z] Could not find functions.yaml. Must use http discovery
[debug] [2026-05-03T07:06:35.186Z] Found firebase-functions binary at '/Users/ruben/Dev/Apps/Portfolio/functions/node_modules/.bin/firebase-functions'
[info] Serving at port 8964

[debug] [2026-05-03T07:06:35.468Z] Got response from /__/functions.yaml {"endpoints":{"sendPortfolioEmail":{"availableMemoryMb":256,"timeoutSeconds":30,"minInstances":null,"maxInstances":null,"ingressSettings":null,"concurrency":null,"serviceAccountEmail":null,"vpc":null,"platform":"gcfv2","region":["us-central1"],"secretEnvironmentVariables":[{"key":"RESEND_API_KEY"}],"labels":{},"httpsTrigger":{"invoker":["public"]},"entryPoint":"sendPortfolioEmail"}},"specVersion":"v1alpha1","requiredAPIs":[],"extensions":{},"params":[{"type":"secret","name":"RESEND_API_KEY"},{"name":"RESEND_FROM","type":"string","default":"Portfolio <onboarding@resend.dev>"},{"name":"NOTIFY_TO_EMAIL","type":"string","default":""}]}
[info] i  extensions: ensuring required API firebaseextensions.googleapis.com is enabled... 
[debug] [2026-05-03T07:06:39.491Z] > command requires scopes: ["email","openid","https://www.googleapis.com/auth/cloudplatformprojects.readonly","https://www.googleapis.com/auth/firebase","https://www.googleapis.com/auth/cloud-platform"]
[debug] [2026-05-03T07:06:39.491Z] > authorizing via signed-in user (ruben.jim.co@gmail.com)
[debug] [2026-05-03T07:06:39.492Z] [iam] checking project portfolio-2578e for permissions ["firebase.projects.get","firebaseextensions.instances.list"]
[debug] [2026-05-03T07:06:39.492Z] Checked if tokens are valid: true, expires at: 1777795592262
[debug] [2026-05-03T07:06:39.492Z] Checked if tokens are valid: true, expires at: 1777795592262
[debug] [2026-05-03T07:06:39.492Z] >>> [apiv2][query] POST https://cloudresourcemanager.googleapis.com/v1/projects/portfolio-2578e:testIamPermissions [none]
[debug] [2026-05-03T07:06:39.492Z] >>> [apiv2][(partial)header] POST https://cloudresourcemanager.googleapis.com/v1/projects/portfolio-2578e:testIamPermissions  x-goog-user-project=portfolio-2578e
[debug] [2026-05-03T07:06:39.492Z] >>> [apiv2][body] POST https://cloudresourcemanager.googleapis.com/v1/projects/portfolio-2578e:testIamPermissions {"permissions":["firebase.projects.get","firebaseextensions.instances.list"]}
[debug] [2026-05-03T07:06:39.650Z] <<< [apiv2][status] POST https://cloudresourcemanager.googleapis.com/v1/projects/portfolio-2578e:testIamPermissions 200
[debug] [2026-05-03T07:06:39.650Z] <<< [apiv2][body] POST https://cloudresourcemanager.googleapis.com/v1/projects/portfolio-2578e:testIamPermissions {"permissions":["firebase.projects.get","firebaseextensions.instances.list"]}
[debug] [2026-05-03T07:06:39.653Z] Checked if tokens are valid: true, expires at: 1777795592262
[debug] [2026-05-03T07:06:39.653Z] Checked if tokens are valid: true, expires at: 1777795592262
[debug] [2026-05-03T07:06:39.653Z] >>> [apiv2][query] GET https://firebaseextensions.googleapis.com/v1beta/projects/portfolio-2578e/instances pageSize=100&pageToken=
[debug] [2026-05-03T07:06:40.119Z] <<< [apiv2][status] GET https://firebaseextensions.googleapis.com/v1beta/projects/portfolio-2578e/instances 200
[debug] [2026-05-03T07:06:40.119Z] <<< [apiv2][body] GET https://firebaseextensions.googleapis.com/v1beta/projects/portfolio-2578e/instances {}
[info] i  functions: Loaded environment variables from .env.portfolio-2578e. 
[debug] [2026-05-03T07:06:40.121Z] Checked if tokens are valid: true, expires at: 1777795592262
[debug] [2026-05-03T07:06:40.121Z] Checked if tokens are valid: true, expires at: 1777795592262
[debug] [2026-05-03T07:06:40.121Z] >>> [apiv2][query] GET https://secretmanager.googleapis.com/v1/projects/portfolio-2578e/secrets/RESEND_API_KEY [none]
[debug] [2026-05-03T07:06:40.352Z] <<< [apiv2][status] GET https://secretmanager.googleapis.com/v1/projects/portfolio-2578e/secrets/RESEND_API_KEY 200
[debug] [2026-05-03T07:06:40.352Z] <<< [apiv2][body] GET https://secretmanager.googleapis.com/v1/projects/portfolio-2578e/secrets/RESEND_API_KEY {"name":"projects/980239353589/secrets/RESEND_API_KEY","replication":{"automatic":{}},"createTime":"2026-05-03T06:16:38.242754Z","labels":{"firebase-managed":"functions"},"etag":"\"1650e3c1bf86bd\""}
[debug] [2026-05-03T07:06:40.353Z] Checked if tokens are valid: true, expires at: 1777795592262
[debug] [2026-05-03T07:06:40.353Z] Checked if tokens are valid: true, expires at: 1777795592262
[debug] [2026-05-03T07:06:40.353Z] >>> [apiv2][query] GET https://secretmanager.googleapis.com/v1/projects/portfolio-2578e/secrets/RESEND_API_KEY/versions/latest [none]
[debug] [2026-05-03T07:06:40.470Z] <<< [apiv2][status] GET https://secretmanager.googleapis.com/v1/projects/portfolio-2578e/secrets/RESEND_API_KEY/versions/latest 200
[debug] [2026-05-03T07:06:40.470Z] <<< [apiv2][body] GET https://secretmanager.googleapis.com/v1/projects/portfolio-2578e/secrets/RESEND_API_KEY/versions/latest {"name":"projects/980239353589/secrets/RESEND_API_KEY/versions/2","createTime":"2026-05-03T06:23:47.519046Z","state":"ENABLED","replicationStatus":{"automatic":{}},"etag":"\"1650e3db500e46\""}
[info] i  functions: preparing functions directory for uploading... 
[info] i  functions: packaged /Users/ruben/Dev/Apps/Portfolio/functions (37.2 KB) for uploading 
[debug] [2026-05-03T07:06:40.503Z] Checked if tokens are valid: true, expires at: 1777795592262
[debug] [2026-05-03T07:06:40.503Z] Checked if tokens are valid: true, expires at: 1777795592262
[debug] [2026-05-03T07:06:40.504Z] >>> [apiv2][query] GET https://cloudfunctions.googleapis.com/v1/projects/portfolio-2578e/locations/-/functions [none]
[debug] [2026-05-03T07:06:41.068Z] <<< [apiv2][status] GET https://cloudfunctions.googleapis.com/v1/projects/portfolio-2578e/locations/-/functions 200
[debug] [2026-05-03T07:06:41.068Z] <<< [apiv2][body] GET https://cloudfunctions.googleapis.com/v1/projects/portfolio-2578e/locations/-/functions {}
[debug] [2026-05-03T07:06:41.069Z] Checked if tokens are valid: true, expires at: 1777795592262
[debug] [2026-05-03T07:06:41.069Z] Checked if tokens are valid: true, expires at: 1777795592262
[debug] [2026-05-03T07:06:41.069Z] >>> [apiv2][query] GET https://cloudfunctions.googleapis.com/v2/projects/portfolio-2578e/locations/-/functions filter=environment%3D%22GEN_2%22
[debug] [2026-05-03T07:06:41.494Z] <<< [apiv2][status] GET https://cloudfunctions.googleapis.com/v2/projects/portfolio-2578e/locations/-/functions 200
[debug] [2026-05-03T07:06:41.494Z] <<< [apiv2][body] GET https://cloudfunctions.googleapis.com/v2/projects/portfolio-2578e/locations/-/functions {"functions":[{"name":"projects/portfolio-2578e/locations/us-central1/functions/sendPortfolioEmail","buildConfig":{"build":"projects/980239353589/locations/us-central1/builds/c7c3fdff-5eaa-4475-8807-bdef7b221aa3","runtime":"nodejs20","entryPoint":"sendPortfolioEmail","source":{"storageSource":{"bucket":"gcf-v2-sources-980239353589-us-central1","object":"sendPortfolioEmail/function-source.zip","generation":"1777789864261436"}},"environmentVariables":{"GOOGLE_NODE_RUN_SCRIPTS":""},"dockerRepository":"projects/portfolio-2578e/locations/us-central1/repositories/gcf-artifacts","sourceProvenance":{"resolvedStorageSource":{"bucket":"gcf-v2-sources-980239353589-us-central1","object":"sendPortfolioEmail/function-source.zip","generation":"1777789864261436"}},"dockerRegistry":"ARTIFACT_REGISTRY","serviceAccount":"projects/portfolio-2578e/serviceAccounts/980239353589-compute@developer.gserviceaccount.com","automaticUpdatePolicy":{}},"serviceConfig":{"service":"projects/portfolio-2578e/locations/us-central1/services/sendportfolioemail","timeoutSeconds":30,"environmentVariables":{"RESEND_FROM":"CodeWithRuben <noreply@rubenjimenez.dev>","NOTIFY_TO_EMAIL":"ruben.jim.co@gmail.com","FIREBASE_CONFIG":"{\"projectId\":\"portfolio-2578e\",\"databaseURL\":\"https://portfolio-2578e-default-rtdb.firebaseio.com\",\"storageBucket\":\"portfolio-2578e.firebasestorage.app\"}","GCLOUD_PROJECT":"portfolio-2578e","EVENTARC_CLOUD_EVENT_SOURCE":"projects/portfolio-2578e/locations/us-central1/services/sendPortfolioEmail","FUNCTION_TARGET":"sendPortfolioEmail","LOG_EXECUTION_ID":"true"},"ingressSettings":"ALLOW_ALL","uri":"https://sendportfolioemail-znfxpa2cza-uc.a.run.app","serviceAccountEmail":"980239353589-compute@developer.gserviceaccount.com","availableMemory":"256Mi","allTrafficOnLatestRevision":true,"secretEnvironmentVariables":[{"key":"RESEND_API_KEY","projectId":"portfolio-2578e","secret":"RESEND_API_KEY","version":"2"}],"revision":"sendportfolioemail-00001-woj","maxInstanceRequestConcurrency":80,"availableCpu":"1"},"state":"ACTIVE","updateTime":"2026-05-03T06:32:01.915338528Z","labels":{"firebase-functions-hash":"196a3d4f0ede34642e8cc7e710e936047a6f0e08","deployment-tool":"cli-firebase"},"environment":"GEN_2","url":"https://us-central1-portfolio-2578e.cloudfunctions.net/sendPortfolioEmail","createTime":"2026-05-03T06:29:17.080222822Z","satisfiesPzi":true}]}
[info] i  functions: ensuring required API run.googleapis.com is enabled... 
[info] i  functions: ensuring required API eventarc.googleapis.com is enabled... 
[info] i  functions: ensuring required API pubsub.googleapis.com is enabled... 
[info] i  functions: ensuring required API storage.googleapis.com is enabled... 
[info] i  functions: generating the service identity for pubsub.googleapis.com... 
[debug] [2026-05-03T07:06:41.496Z] Checked if tokens are valid: true, expires at: 1777795592262
[debug] [2026-05-03T07:06:41.496Z] Checked if tokens are valid: true, expires at: 1777795592262
[info] i  functions: generating the service identity for eventarc.googleapis.com... 
[debug] [2026-05-03T07:06:41.496Z] Checked if tokens are valid: true, expires at: 1777795592262
[debug] [2026-05-03T07:06:41.496Z] Checked if tokens are valid: true, expires at: 1777795592262
[debug] [2026-05-03T07:06:41.496Z] >>> [apiv2][query] POST https://serviceusage.googleapis.com/v1beta1/projects/980239353589/services/pubsub.googleapis.com:generateServiceIdentity [none]
[debug] [2026-05-03T07:06:41.496Z] >>> [apiv2][(partial)header] POST https://serviceusage.googleapis.com/v1beta1/projects/980239353589/services/pubsub.googleapis.com:generateServiceIdentity  x-goog-user-project=980239353589
[debug] [2026-05-03T07:06:41.496Z] >>> [apiv2][body] POST https://serviceusage.googleapis.com/v1beta1/projects/980239353589/services/pubsub.googleapis.com:generateServiceIdentity {}
[debug] [2026-05-03T07:06:41.497Z] >>> [apiv2][query] POST https://serviceusage.googleapis.com/v1beta1/projects/980239353589/services/eventarc.googleapis.com:generateServiceIdentity [none]
[debug] [2026-05-03T07:06:41.497Z] >>> [apiv2][(partial)header] POST https://serviceusage.googleapis.com/v1beta1/projects/980239353589/services/eventarc.googleapis.com:generateServiceIdentity  x-goog-user-project=980239353589
[debug] [2026-05-03T07:06:41.497Z] >>> [apiv2][body] POST https://serviceusage.googleapis.com/v1beta1/projects/980239353589/services/eventarc.googleapis.com:generateServiceIdentity {}
[debug] [2026-05-03T07:06:42.036Z] <<< [apiv2][status] POST https://serviceusage.googleapis.com/v1beta1/projects/980239353589/services/pubsub.googleapis.com:generateServiceIdentity 200
[debug] [2026-05-03T07:06:42.036Z] <<< [apiv2][body] POST https://serviceusage.googleapis.com/v1beta1/projects/980239353589/services/pubsub.googleapis.com:generateServiceIdentity {"name":"operations/finished.DONE_OPERATION","done":true,"response":{"@type":"type.googleapis.com/google.api.serviceusage.v1beta1.ServiceIdentity","email":"service-980239353589@gcp-sa-pubsub.iam.gserviceaccount.com","uniqueId":"112631951876549393548"}}
[debug] [2026-05-03T07:06:42.575Z] <<< [apiv2][status] POST https://serviceusage.googleapis.com/v1beta1/projects/980239353589/services/eventarc.googleapis.com:generateServiceIdentity 200
[debug] [2026-05-03T07:06:42.575Z] <<< [apiv2][body] POST https://serviceusage.googleapis.com/v1beta1/projects/980239353589/services/eventarc.googleapis.com:generateServiceIdentity {"name":"operations/finished.DONE_OPERATION","done":true,"response":{"@type":"type.googleapis.com/google.api.serviceusage.v1beta1.ServiceIdentity","email":"service-980239353589@gcp-sa-eventarc.iam.gserviceaccount.com","uniqueId":"108826533488836205285"}}
[info] i  functions: ensuring required API secretmanager.googleapis.com is enabled... 
[debug] [2026-05-03T07:06:42.577Z] Checked if tokens are valid: true, expires at: 1777795592262
[debug] [2026-05-03T07:06:42.577Z] Checked if tokens are valid: true, expires at: 1777795592262
[debug] [2026-05-03T07:06:42.577Z] >>> [apiv2][query] GET https://secretmanager.googleapis.com/v1/projects/portfolio-2578e/secrets/RESEND_API_KEY/versions/latest [none]
[debug] [2026-05-03T07:06:42.687Z] <<< [apiv2][status] GET https://secretmanager.googleapis.com/v1/projects/portfolio-2578e/secrets/RESEND_API_KEY/versions/latest 200
[debug] [2026-05-03T07:06:42.687Z] <<< [apiv2][body] GET https://secretmanager.googleapis.com/v1/projects/portfolio-2578e/secrets/RESEND_API_KEY/versions/latest {"name":"projects/980239353589/secrets/RESEND_API_KEY/versions/2","createTime":"2026-05-03T06:23:47.519046Z","state":"ENABLED","replicationStatus":{"automatic":{}},"etag":"\"1650e3db500e46\""}
[debug] [2026-05-03T07:06:42.687Z] Resolved secret version of RESEND_API_KEY to 2.
[debug] [2026-05-03T07:06:42.687Z] Checked if tokens are valid: true, expires at: 1777795592262
[debug] [2026-05-03T07:06:42.687Z] Checked if tokens are valid: true, expires at: 1777795592262
[debug] [2026-05-03T07:06:42.687Z] >>> [apiv2][query] GET https://cloudresourcemanager.googleapis.com/v1/projects/portfolio-2578e [none]
[debug] [2026-05-03T07:06:42.802Z] <<< [apiv2][status] GET https://cloudresourcemanager.googleapis.com/v1/projects/portfolio-2578e 200
[debug] [2026-05-03T07:06:42.802Z] <<< [apiv2][body] GET https://cloudresourcemanager.googleapis.com/v1/projects/portfolio-2578e {"projectNumber":"980239353589","projectId":"portfolio-2578e","lifecycleState":"ACTIVE","name":"Portfolio","labels":{"firebase":"enabled","firebase-core":"disabled"},"createTime":"2025-09-27T06:29:23.731801Z"}
[debug] [2026-05-03T07:06:42.802Z] Checked if tokens are valid: true, expires at: 1777795592262
[debug] [2026-05-03T07:06:42.802Z] Checked if tokens are valid: true, expires at: 1777795592262
[debug] [2026-05-03T07:06:42.802Z] >>> [apiv2][query] GET https://compute.googleapis.com/compute/v1/projects/980239353589 [none]
[debug] [2026-05-03T07:06:43.094Z] <<< [apiv2][status] GET https://compute.googleapis.com/compute/v1/projects/980239353589 403
[debug] [2026-05-03T07:06:43.095Z] <<< [apiv2][body] GET https://compute.googleapis.com/compute/v1/projects/980239353589 {"error":{"code":403,"message":"Compute Engine API has not been used in project 980239353589 before or it is disabled. Enable it by visiting https://console.developers.google.com/apis/api/compute.googleapis.com/overview?project=980239353589 then retry. If you enabled this API recently, wait a few minutes for the action to propagate to our systems and retry.","errors":[{"message":"Compute Engine API has not been used in project 980239353589 before or it is disabled. Enable it by visiting https://console.developers.google.com/apis/api/compute.googleapis.com/overview?project=980239353589 then retry. If you enabled this API recently, wait a few minutes for the action to propagate to our systems and retry.","domain":"usageLimits","reason":"accessNotConfigured","extendedHelp":"https://console.developers.google.com"}],"status":"PERMISSION_DENIED","details":[{"@type":"type.googleapis.com/google.rpc.ErrorInfo","reason":"SERVICE_DISABLED","domain":"googleapis.com","metadata":{"activationUrl":"https://console.developers.google.com/apis/api/compute.googleapis.com/overview?project=980239353589","containerInfo":"980239353589","consumer":"projects/980239353589","service":"compute.googleapis.com","serviceTitle":"Compute Engine API"}},{"@type":"type.googleapis.com/google.rpc.LocalizedMessage","locale":"en-US","message":"Compute Engine API has not been used in project 980239353589 before or it is disabled. Enable it by visiting https://console.developers.google.com/apis/api/compute.googleapis.com/overview?project=980239353589 then retry. If you enabled this API recently, wait a few minutes for the action to propagate to our systems and retry."},{"@type":"type.googleapis.com/google.rpc.Help","links":[{"description":"Google developers console API activation","url":"https://console.developers.google.com/apis/api/compute.googleapis.com/overview?project=980239353589"}]}]}}
[debug] [2026-05-03T07:06:43.095Z] unable to look up default compute service account. Falling back to 980239353589-compute@developer.gserviceaccount.com. Error: {"name":"FirebaseError","children":[],"context":{"body":{"error":{"code":403,"message":"Compute Engine API has not been used in project 980239353589 before or it is disabled. Enable it by visiting https://console.developers.google.com/apis/api/compute.googleapis.com/overview?project=980239353589 then retry. If you enabled this API recently, wait a few minutes for the action to propagate to our systems and retry.","errors":[{"message":"Compute Engine API has not been used in project 980239353589 before or it is disabled. Enable it by visiting https://console.developers.google.com/apis/api/compute.googleapis.com/overview?project=980239353589 then retry. If you enabled this API recently, wait a few minutes for the action to propagate to our systems and retry.","domain":"usageLimits","reason":"accessNotConfigured","extendedHelp":"https://console.developers.google.com"}],"status":"PERMISSION_DENIED","details":[{"@type":"type.googleapis.com/google.rpc.ErrorInfo","reason":"SERVICE_DISABLED","domain":"googleapis.com","metadata":{"activationUrl":"https://console.developers.google.com/apis/api/compute.googleapis.com/overview?project=980239353589","containerInfo":"980239353589","consumer":"projects/980239353589","service":"compute.googleapis.com","serviceTitle":"Compute Engine API"}},{"@type":"type.googleapis.com/google.rpc.LocalizedMessage","locale":"en-US","message":"Compute Engine API has not been used in project 980239353589 before or it is disabled. Enable it by visiting https://console.developers.google.com/apis/api/compute.googleapis.com/overview?project=980239353589 then retry. If you enabled this API recently, wait a few minutes for the action to propagate to our systems and retry."},{"@type":"type.googleapis.com/google.rpc.Help","links":[{"description":"Google developers console API activation","url":"https://console.developers.google.com/apis/api/compute.googleapis.com/overview?project=980239353589"}]}]}},"response":{"statusCode":403}},"exit":1,"message":"Request to https://compute.googleapis.com/compute/v1/projects/980239353589 had HTTP Error: 403, Compute Engine API has not been used in project 980239353589 before or it is disabled. Enable it by visiting https://console.developers.google.com/apis/api/compute.googleapis.com/overview?project=980239353589 then retry. If you enabled this API recently, wait a few minutes for the action to propagate to our systems and retry.","status":403}
[debug] [2026-05-03T07:06:43.096Z] Checked if tokens are valid: true, expires at: 1777795592262
[debug] [2026-05-03T07:06:43.096Z] Checked if tokens are valid: true, expires at: 1777795592262
[debug] [2026-05-03T07:06:43.096Z] >>> [apiv2][query] GET https://cloudbilling.googleapis.com/v1/projects/portfolio-2578e/billingInfo [none]
[debug] [2026-05-03T07:06:43.319Z] <<< [apiv2][status] GET https://cloudbilling.googleapis.com/v1/projects/portfolio-2578e/billingInfo 200
[debug] [2026-05-03T07:06:43.319Z] <<< [apiv2][body] GET https://cloudbilling.googleapis.com/v1/projects/portfolio-2578e/billingInfo {"name":"projects/portfolio-2578e/billingInfo","projectId":"portfolio-2578e","billingAccountName":"billingAccounts/0110C4-DE5C96-559C6B","billingEnabled":true}
[debug] [2026-05-03T07:06:43.321Z] Checked if tokens are valid: true, expires at: 1777795592262
[debug] [2026-05-03T07:06:43.321Z] Checked if tokens are valid: true, expires at: 1777795592262
[debug] [2026-05-03T07:06:43.322Z] >>> [apiv2][query] POST https://cloudfunctions.googleapis.com/v2/projects/portfolio-2578e/locations/us-central1/functions:generateUploadUrl [none]
[debug] [2026-05-03T07:06:43.507Z] <<< [apiv2][status] POST https://cloudfunctions.googleapis.com/v2/projects/portfolio-2578e/locations/us-central1/functions:generateUploadUrl 200
[debug] [2026-05-03T07:06:43.507Z] <<< [apiv2][body] POST https://cloudfunctions.googleapis.com/v2/projects/portfolio-2578e/locations/us-central1/functions:generateUploadUrl {"uploadUrl":"https://storage.googleapis.com/gcf-v2-uploads-980239353589.us-central1.cloudfunctions.appspot.com/41096122-5793-4dbe-875d-32a796e81969.zip?GoogleAccessId=service-980239353589@gcf-admin-robot.iam.gserviceaccount.com&Expires=1777793803&Signature=F5wtQUiL4%2FOSOUcgZS7jG4w9M5PTpeKLjnvRTE2nNz7epZOX3JmvFLbkj6JIMNMs41BjLn8fg0Dbb7fF0wjqk0aQU3zygmDSTqtl4r7mWJdD%2FbkWjLz4WmTCjl2bndE4dFijHhwVQuAe%2FrMnf%2FkB3D%2FyOeyVGTJKOw0Mk3uzYPk1I5ZEu0lwuSUItJlrzWPweHJRmQBddpmSBLoZSxf%2FhCjTSoZknj2%2Fl5jkYKvhOIL5iIuc0RaY%2B7uA4%2Fm12P3ov4aTP2xiQ1Z9PNnCh9jy%2BjtG%2BQF%2BTDavo5pTsiKHgVc0epjnCfRtfNZfOjL3cUq9%2BZxVQloAPjB4ftgy11MYGA%3D%3D","storageSource":{"bucket":"gcf-v2-uploads-980239353589.us-central1.cloudfunctions.appspot.com","object":"41096122-5793-4dbe-875d-32a796e81969.zip"}}
[debug] [2026-05-03T07:06:43.508Z] >>> [apiv2][query] PUT https://storage.googleapis.com/gcf-v2-uploads-980239353589.us-central1.cloudfunctions.appspot.com/41096122-5793-4dbe-875d-32a796e81969.zip GoogleAccessId=service-980239353589%40gcf-admin-robot.iam.gserviceaccount.com&Expires=1777793803&Signature=F5wtQUiL4%2FOSOUcgZS7jG4w9M5PTpeKLjnvRTE2nNz7epZOX3JmvFLbkj6JIMNMs41BjLn8fg0Dbb7fF0wjqk0aQU3zygmDSTqtl4r7mWJdD%2FbkWjLz4WmTCjl2bndE4dFijHhwVQuAe%2FrMnf%2FkB3D%2FyOeyVGTJKOw0Mk3uzYPk1I5ZEu0lwuSUItJlrzWPweHJRmQBddpmSBLoZSxf%2FhCjTSoZknj2%2Fl5jkYKvhOIL5iIuc0RaY%2B7uA4%2Fm12P3ov4aTP2xiQ1Z9PNnCh9jy%2BjtG%2BQF%2BTDavo5pTsiKHgVc0epjnCfRtfNZfOjL3cUq9%2BZxVQloAPjB4ftgy11MYGA%3D%3D
[debug] [2026-05-03T07:06:43.508Z] >>> [apiv2][body] PUT https://storage.googleapis.com/gcf-v2-uploads-980239353589.us-central1.cloudfunctions.appspot.com/41096122-5793-4dbe-875d-32a796e81969.zip [stream]
[debug] [2026-05-03T07:06:43.785Z] <<< [apiv2][status] PUT https://storage.googleapis.com/gcf-v2-uploads-980239353589.us-central1.cloudfunctions.appspot.com/41096122-5793-4dbe-875d-32a796e81969.zip 200
[debug] [2026-05-03T07:06:43.786Z] <<< [apiv2][body] PUT https://storage.googleapis.com/gcf-v2-uploads-980239353589.us-central1.cloudfunctions.appspot.com/41096122-5793-4dbe-875d-32a796e81969.zip [omitted]
[info] ✔  functions: functions source uploaded successfully 
[info] i  functions: updating Node.js 20 (2nd Gen) function sendPortfolioEmail(us-central1)... 
[debug] [2026-05-03T07:06:43.790Z] Checked if tokens are valid: true, expires at: 1777795592262
[debug] [2026-05-03T07:06:43.790Z] Checked if tokens are valid: true, expires at: 1777795592262
[debug] [2026-05-03T07:06:43.790Z] >>> [apiv2][query] PATCH https://cloudfunctions.googleapis.com/v2/projects/portfolio-2578e/locations/us-central1/functions/sendPortfolioEmail updateMask=name%2CbuildConfig.runtime%2CbuildConfig.entryPoint%2CbuildConfig.source.storageSource.bucket%2CbuildConfig.source.storageSource.object%2CbuildConfig.environmentVariables%2CbuildConfig.sourceToken%2CserviceConfig.environmentVariables%2CserviceConfig.secretEnvironmentVariables%2CserviceConfig.ingressSettings%2CserviceConfig.timeoutSeconds%2CserviceConfig.serviceAccountEmail%2CserviceConfig.availableMemory%2CserviceConfig.minInstanceCount%2CserviceConfig.maxInstanceCount%2CserviceConfig.maxInstanceRequestConcurrency%2CserviceConfig.availableCpu%2CserviceConfig.vpcConnector%2CserviceConfig.vpcConnectorEgressSettings%2Clabels
[debug] [2026-05-03T07:06:43.790Z] >>> [apiv2][body] PATCH https://cloudfunctions.googleapis.com/v2/projects/portfolio-2578e/locations/us-central1/functions/sendPortfolioEmail {"name":"projects/portfolio-2578e/locations/us-central1/functions/sendPortfolioEmail","buildConfig":{"runtime":"nodejs20","entryPoint":"sendPortfolioEmail","source":{"storageSource":{"bucket":"gcf-v2-uploads-980239353589.us-central1.cloudfunctions.appspot.com","object":"41096122-5793-4dbe-875d-32a796e81969.zip"}},"environmentVariables":{"GOOGLE_NODE_RUN_SCRIPTS":""}},"serviceConfig":{"environmentVariables":{"RESEND_FROM":"CodeWithRuben <noreply@rubenjimenez.dev>","NOTIFY_TO_EMAIL":"ruben.jim.co@gmail.com","FIREBASE_CONFIG":"{\"projectId\":\"portfolio-2578e\",\"databaseURL\":\"https://portfolio-2578e-default-rtdb.firebaseio.com\",\"storageBucket\":\"portfolio-2578e.firebasestorage.app\"}","GCLOUD_PROJECT":"portfolio-2578e","EVENTARC_CLOUD_EVENT_SOURCE":"projects/portfolio-2578e/locations/us-central1/services/sendPortfolioEmail","FUNCTION_TARGET":"sendPortfolioEmail","LOG_EXECUTION_ID":"true"},"secretEnvironmentVariables":[{"key":"RESEND_API_KEY","secret":"RESEND_API_KEY","projectId":"portfolio-2578e","version":"2"}],"ingressSettings":null,"timeoutSeconds":30,"serviceAccountEmail":null,"availableMemory":"256Mi","minInstanceCount":null,"maxInstanceCount":null,"maxInstanceRequestConcurrency":80,"availableCpu":"1","vpcConnector":null,"vpcConnectorEgressSettings":null},"labels":{"deployment-tool":"cli-firebase","firebase-functions-hash":"c1aa4a4374c36da393d41fffd8c1c07dd193de12"}}
[debug] [2026-05-03T07:06:44.855Z] <<< [apiv2][status] PATCH https://cloudfunctions.googleapis.com/v2/projects/portfolio-2578e/locations/us-central1/functions/sendPortfolioEmail 200
[debug] [2026-05-03T07:06:44.883Z] <<< [apiv2][body] PATCH https://cloudfunctions.googleapis.com/v2/projects/portfolio-2578e/locations/us-central1/functions/sendPortfolioEmail {"name":"projects/portfolio-2578e/locations/us-central1/operations/operation-1777792003976-650e474e1ab81-750955b1-1f4fd46d","metadata":{"@type":"type.googleapis.com/google.cloud.functions.v2.OperationMetadata","createTime":"2026-05-03T07:06:44.817421157Z","target":"projects/portfolio-2578e/locations/us-central1/functions/sendPortfolioEmail","verb":"update","cancelRequested":false,"apiVersion":"v2"},"done":false}
[debug] [2026-05-03T07:06:44.883Z] Checked if tokens are valid: true, expires at: 1777795592262
[debug] [2026-05-03T07:06:44.883Z] Checked if tokens are valid: true, expires at: 1777795592262
[debug] [2026-05-03T07:06:44.883Z] >>> [apiv2][query] GET https://cloudfunctions.googleapis.com/v2/projects/portfolio-2578e/locations/us-central1/operations/operation-1777792003976-650e474e1ab81-750955b1-1f4fd46d [none]
[debug] [2026-05-03T07:06:45.329Z] <<< [apiv2][status] GET https://cloudfunctions.googleapis.com/v2/projects/portfolio-2578e/locations/us-central1/operations/operation-1777792003976-650e474e1ab81-750955b1-1f4fd46d 200
[debug] [2026-05-03T07:06:45.330Z] <<< [apiv2][body] GET https://cloudfunctions.googleapis.com/v2/projects/portfolio-2578e/locations/us-central1/operations/operation-1777792003976-650e474e1ab81-750955b1-1f4fd46d {"name":"projects/portfolio-2578e/locations/us-central1/operations/operation-1777792003976-650e474e1ab81-750955b1-1f4fd46d","metadata":{"@type":"type.googleapis.com/google.cloud.functions.v2.OperationMetadata","createTime":"2026-05-03T07:06:44.817421157Z","target":"projects/portfolio-2578e/locations/us-central1/functions/sendPortfolioEmail","verb":"update","cancelRequested":false,"apiVersion":"v2","requestResource":{"@type":"type.googleapis.com/google.cloud.functions.v2.Function","name":"projects/portfolio-2578e/locations/us-central1/functions/sendPortfolioEmail","buildConfig":{"runtime":"nodejs20","entryPoint":"sendPortfolioEmail","source":{"storageSource":{"bucket":"gcf-v2-sources-980239353589-us-central1","object":"sendPortfolioEmail/function-source.zip","generation":"1777792004764936"}},"environmentVariables":{"GOOGLE_NODE_RUN_SCRIPTS":""},"dockerRepository":"projects/portfolio-2578e/locations/us-central1/repositories/gcf-artifacts","sourceProvenance":{"resolvedStorageSource":{"bucket":"gcf-v2-sources-980239353589-us-central1","object":"sendPortfolioEmail/function-source.zip","generation":"1777789864261436"}},"dockerRegistry":"ARTIFACT_REGISTRY","serviceAccount":"projects/portfolio-2578e/serviceAccounts/980239353589-compute@developer.gserviceaccount.com","automaticUpdatePolicy":{}},"serviceConfig":{"service":"projects/portfolio-2578e/locations/us-central1/services/sendportfolioemail","timeoutSeconds":30,"environmentVariables":{"RESEND_FROM":"CodeWithRuben <noreply@rubenjimenez.dev>","NOTIFY_TO_EMAIL":"ruben.jim.co@gmail.com","FIREBASE_CONFIG":"{\"projectId\":\"portfolio-2578e\",\"databaseURL\":\"https://portfolio-2578e-default-rtdb.firebaseio.com\",\"storageBucket\":\"portfolio-2578e.firebasestorage.app\"}","GCLOUD_PROJECT":"portfolio-2578e","EVENTARC_CLOUD_EVENT_SOURCE":"projects/portfolio-2578e/locations/us-central1/services/sendPortfolioEmail","FUNCTION_TARGET":"sendPortfolioEmail","LOG_EXECUTION_ID":"true"},"ingressSettings":"ALLOW_ALL","uri":"https://sendportfolioemail-znfxpa2cza-uc.a.run.app","serviceAccountEmail":"980239353589-compute@developer.gserviceaccount.com","availableMemory":"256Mi","allTrafficOnLatestRevision":true,"secretEnvironmentVariables":[{"key":"RESEND_API_KEY","projectId":"portfolio-2578e","secret":"RESEND_API_KEY","version":"2"}],"revision":"sendportfolioemail-00001-woj","maxInstanceRequestConcurrency":80,"availableCpu":"1"},"state":"ACTIVE","labels":{"deployment-tool":"cloudfunctions","firebase-functions-hash":"c1aa4a4374c36da393d41fffd8c1c07dd193de12"},"environment":"GEN_2","url":"https://us-central1-portfolio-2578e.cloudfunctions.net/sendPortfolioEmail","satisfiesPzi":true},"stages":[{"name":"BUILD","state":"NOT_STARTED","stateMessages":[{"severity":"WARNING","type":"BuildAnalysisWarning","message":"Node.js 20 is no longer supported by the Node.js community as of 30 April, 2026. Node.js 20 will be deprecated on 2026-04-30. We recommend you to upgrade to the latest version of Node.js as soon as possible."}]},{"name":"SERVICE","state":"NOT_STARTED"}],"operationType":"UPDATE_FUNCTION"},"done":false}
[debug] [2026-05-03T07:06:45.831Z] [update-default-us-central1-sendPortfolioEmail] Retrying task index 0
[debug] [2026-05-03T07:06:45.832Z] Checked if tokens are valid: true, expires at: 1777795592262
[debug] [2026-05-03T07:06:45.832Z] Checked if tokens are valid: true, expires at: 1777795592262
[debug] [2026-05-03T07:06:45.832Z] >>> [apiv2][query] GET https://cloudfunctions.googleapis.com/v2/projects/portfolio-2578e/locations/us-central1/operations/operation-1777792003976-650e474e1ab81-750955b1-1f4fd46d [none]
[debug] [2026-05-03T07:06:45.948Z] <<< [apiv2][status] GET https://cloudfunctions.googleapis.com/v2/projects/portfolio-2578e/locations/us-central1/operations/operation-1777792003976-650e474e1ab81-750955b1-1f4fd46d 200
[debug] [2026-05-03T07:06:45.948Z] <<< [apiv2][body] GET https://cloudfunctions.googleapis.com/v2/projects/portfolio-2578e/locations/us-central1/operations/operation-1777792003976-650e474e1ab81-750955b1-1f4fd46d {"name":"projects/portfolio-2578e/locations/us-central1/operations/operation-1777792003976-650e474e1ab81-750955b1-1f4fd46d","metadata":{"@type":"type.googleapis.com/google.cloud.functions.v2.OperationMetadata","createTime":"2026-05-03T07:06:44.817421157Z","target":"projects/portfolio-2578e/locations/us-central1/functions/sendPortfolioEmail","verb":"update","cancelRequested":false,"apiVersion":"v2","requestResource":{"@type":"type.googleapis.com/google.cloud.functions.v2.Function","name":"projects/portfolio-2578e/locations/us-central1/functions/sendPortfolioEmail","buildConfig":{"runtime":"nodejs20","entryPoint":"sendPortfolioEmail","source":{"storageSource":{"bucket":"gcf-v2-sources-980239353589-us-central1","object":"sendPortfolioEmail/function-source.zip","generation":"1777792004764936"}},"environmentVariables":{"GOOGLE_NODE_RUN_SCRIPTS":""},"dockerRepository":"projects/portfolio-2578e/locations/us-central1/repositories/gcf-artifacts","sourceProvenance":{"resolvedStorageSource":{"bucket":"gcf-v2-sources-980239353589-us-central1","object":"sendPortfolioEmail/function-source.zip","generation":"1777789864261436"}},"dockerRegistry":"ARTIFACT_REGISTRY","serviceAccount":"projects/portfolio-2578e/serviceAccounts/980239353589-compute@developer.gserviceaccount.com","automaticUpdatePolicy":{}},"serviceConfig":{"service":"projects/portfolio-2578e/locations/us-central1/services/sendportfolioemail","timeoutSeconds":30,"environmentVariables":{"RESEND_FROM":"CodeWithRuben <noreply@rubenjimenez.dev>","NOTIFY_TO_EMAIL":"ruben.jim.co@gmail.com","FIREBASE_CONFIG":"{\"projectId\":\"portfolio-2578e\",\"databaseURL\":\"https://portfolio-2578e-default-rtdb.firebaseio.com\",\"storageBucket\":\"portfolio-2578e.firebasestorage.app\"}","GCLOUD_PROJECT":"portfolio-2578e","EVENTARC_CLOUD_EVENT_SOURCE":"projects/portfolio-2578e/locations/us-central1/services/sendPortfolioEmail","FUNCTION_TARGET":"sendPortfolioEmail","LOG_EXECUTION_ID":"true"},"ingressSettings":"ALLOW_ALL","uri":"https://sendportfolioemail-znfxpa2cza-uc.a.run.app","serviceAccountEmail":"980239353589-compute@developer.gserviceaccount.com","availableMemory":"256Mi","allTrafficOnLatestRevision":true,"secretEnvironmentVariables":[{"key":"RESEND_API_KEY","projectId":"portfolio-2578e","secret":"RESEND_API_KEY","version":"2"}],"revision":"sendportfolioemail-00001-woj","maxInstanceRequestConcurrency":80,"availableCpu":"1"},"state":"ACTIVE","labels":{"deployment-tool":"cloudfunctions","firebase-functions-hash":"c1aa4a4374c36da393d41fffd8c1c07dd193de12"},"environment":"GEN_2","url":"https://us-central1-portfolio-2578e.cloudfunctions.net/sendPortfolioEmail","satisfiesPzi":true},"stages":[{"name":"BUILD","message":"Build in progress","state":"IN_PROGRESS","resource":"projects/980239353589/locations/us-central1/builds/cdb3dbe1-49a2-4668-8ef3-a004b81fbc7a","resourceUri":"https://console.cloud.google.com/cloud-build/builds;region=us-central1/cdb3dbe1-49a2-4668-8ef3-a004b81fbc7a?project=980239353589"},{"name":"SERVICE","state":"NOT_STARTED"}],"operationType":"UPDATE_FUNCTION","buildName":"projects/980239353589/locations/us-central1/builds/cdb3dbe1-49a2-4668-8ef3-a004b81fbc7a"},"done":false}
[debug] [2026-05-03T07:06:46.950Z] [update-default-us-central1-sendPortfolioEmail] Retrying task index 0
[debug] [2026-05-03T07:06:46.950Z] Checked if tokens are valid: true, expires at: 1777795592262
[debug] [2026-05-03T07:06:46.950Z] Checked if tokens are valid: true, expires at: 1777795592262
[debug] [2026-05-03T07:06:46.950Z] >>> [apiv2][query] GET https://cloudfunctions.googleapis.com/v2/projects/portfolio-2578e/locations/us-central1/operations/operation-1777792003976-650e474e1ab81-750955b1-1f4fd46d [none]
[debug] [2026-05-03T07:06:47.087Z] <<< [apiv2][status] GET https://cloudfunctions.googleapis.com/v2/projects/portfolio-2578e/locations/us-central1/operations/operation-1777792003976-650e474e1ab81-750955b1-1f4fd46d 200
[debug] [2026-05-03T07:06:47.087Z] <<< [apiv2][body] GET https://cloudfunctions.googleapis.com/v2/projects/portfolio-2578e/locations/us-central1/operations/operation-1777792003976-650e474e1ab81-750955b1-1f4fd46d {"name":"projects/portfolio-2578e/locations/us-central1/operations/operation-1777792003976-650e474e1ab81-750955b1-1f4fd46d","metadata":{"@type":"type.googleapis.com/google.cloud.functions.v2.OperationMetadata","createTime":"2026-05-03T07:06:44.817421157Z","target":"projects/portfolio-2578e/locations/us-central1/functions/sendPortfolioEmail","verb":"update","cancelRequested":false,"apiVersion":"v2","requestResource":{"@type":"type.googleapis.com/google.cloud.functions.v2.Function","name":"projects/portfolio-2578e/locations/us-central1/functions/sendPortfolioEmail","buildConfig":{"runtime":"nodejs20","entryPoint":"sendPortfolioEmail","source":{"storageSource":{"bucket":"gcf-v2-sources-980239353589-us-central1","object":"sendPortfolioEmail/function-source.zip","generation":"1777792004764936"}},"environmentVariables":{"GOOGLE_NODE_RUN_SCRIPTS":""},"dockerRepository":"projects/portfolio-2578e/locations/us-central1/repositories/gcf-artifacts","sourceProvenance":{"resolvedStorageSource":{"bucket":"gcf-v2-sources-980239353589-us-central1","object":"sendPortfolioEmail/function-source.zip","generation":"1777789864261436"}},"dockerRegistry":"ARTIFACT_REGISTRY","serviceAccount":"projects/portfolio-2578e/serviceAccounts/980239353589-compute@developer.gserviceaccount.com","automaticUpdatePolicy":{}},"serviceConfig":{"service":"projects/portfolio-2578e/locations/us-central1/services/sendportfolioemail","timeoutSeconds":30,"environmentVariables":{"RESEND_FROM":"CodeWithRuben <noreply@rubenjimenez.dev>","NOTIFY_TO_EMAIL":"ruben.jim.co@gmail.com","FIREBASE_CONFIG":"{\"projectId\":\"portfolio-2578e\",\"databaseURL\":\"https://portfolio-2578e-default-rtdb.firebaseio.com\",\"storageBucket\":\"portfolio-2578e.firebasestorage.app\"}","GCLOUD_PROJECT":"portfolio-2578e","EVENTARC_CLOUD_EVENT_SOURCE":"projects/portfolio-2578e/locations/us-central1/services/sendPortfolioEmail","FUNCTION_TARGET":"sendPortfolioEmail","LOG_EXECUTION_ID":"true"},"ingressSettings":"ALLOW_ALL","uri":"https://sendportfolioemail-znfxpa2cza-uc.a.run.app","serviceAccountEmail":"980239353589-compute@developer.gserviceaccount.com","availableMemory":"256Mi","allTrafficOnLatestRevision":true,"secretEnvironmentVariables":[{"key":"RESEND_API_KEY","projectId":"portfolio-2578e","secret":"RESEND_API_KEY","version":"2"}],"revision":"sendportfolioemail-00001-woj","maxInstanceRequestConcurrency":80,"availableCpu":"1"},"state":"ACTIVE","labels":{"deployment-tool":"cloudfunctions","firebase-functions-hash":"c1aa4a4374c36da393d41fffd8c1c07dd193de12"},"environment":"GEN_2","url":"https://us-central1-portfolio-2578e.cloudfunctions.net/sendPortfolioEmail","satisfiesPzi":true},"stages":[{"name":"BUILD","message":"Build in progress","state":"IN_PROGRESS","resource":"projects/980239353589/locations/us-central1/builds/cdb3dbe1-49a2-4668-8ef3-a004b81fbc7a","resourceUri":"https://console.cloud.google.com/cloud-build/builds;region=us-central1/cdb3dbe1-49a2-4668-8ef3-a004b81fbc7a?project=980239353589"},{"name":"SERVICE","state":"NOT_STARTED"}],"operationType":"UPDATE_FUNCTION","buildName":"projects/980239353589/locations/us-central1/builds/cdb3dbe1-49a2-4668-8ef3-a004b81fbc7a"},"done":false}
[debug] [2026-05-03T07:06:49.088Z] [update-default-us-central1-sendPortfolioEmail] Retrying task index 0
[debug] [2026-05-03T07:06:49.089Z] Checked if tokens are valid: true, expires at: 1777795592262
[debug] [2026-05-03T07:06:49.089Z] Checked if tokens are valid: true, expires at: 1777795592262
[debug] [2026-05-03T07:06:49.089Z] >>> [apiv2][query] GET https://cloudfunctions.googleapis.com/v2/projects/portfolio-2578e/locations/us-central1/operations/operation-1777792003976-650e474e1ab81-750955b1-1f4fd46d [none]
[debug] [2026-05-03T07:06:49.220Z] <<< [apiv2][status] GET https://cloudfunctions.googleapis.com/v2/projects/portfolio-2578e/locations/us-central1/operations/operation-1777792003976-650e474e1ab81-750955b1-1f4fd46d 200
[debug] [2026-05-03T07:06:49.220Z] <<< [apiv2][body] GET https://cloudfunctions.googleapis.com/v2/projects/portfolio-2578e/locations/us-central1/operations/operation-1777792003976-650e474e1ab81-750955b1-1f4fd46d {"name":"projects/portfolio-2578e/locations/us-central1/operations/operation-1777792003976-650e474e1ab81-750955b1-1f4fd46d","metadata":{"@type":"type.googleapis.com/google.cloud.functions.v2.OperationMetadata","createTime":"2026-05-03T07:06:44.817421157Z","target":"projects/portfolio-2578e/locations/us-central1/functions/sendPortfolioEmail","verb":"update","cancelRequested":false,"apiVersion":"v2","requestResource":{"@type":"type.googleapis.com/google.cloud.functions.v2.Function","name":"projects/portfolio-2578e/locations/us-central1/functions/sendPortfolioEmail","buildConfig":{"runtime":"nodejs20","entryPoint":"sendPortfolioEmail","source":{"storageSource":{"bucket":"gcf-v2-sources-980239353589-us-central1","object":"sendPortfolioEmail/function-source.zip","generation":"1777792004764936"}},"environmentVariables":{"GOOGLE_NODE_RUN_SCRIPTS":""},"dockerRepository":"projects/portfolio-2578e/locations/us-central1/repositories/gcf-artifacts","sourceProvenance":{"resolvedStorageSource":{"bucket":"gcf-v2-sources-980239353589-us-central1","object":"sendPortfolioEmail/function-source.zip","generation":"1777789864261436"}},"dockerRegistry":"ARTIFACT_REGISTRY","serviceAccount":"projects/portfolio-2578e/serviceAccounts/980239353589-compute@developer.gserviceaccount.com","automaticUpdatePolicy":{}},"serviceConfig":{"service":"projects/portfolio-2578e/locations/us-central1/services/sendportfolioemail","timeoutSeconds":30,"environmentVariables":{"RESEND_FROM":"CodeWithRuben <noreply@rubenjimenez.dev>","NOTIFY_TO_EMAIL":"ruben.jim.co@gmail.com","FIREBASE_CONFIG":"{\"projectId\":\"portfolio-2578e\",\"databaseURL\":\"https://portfolio-2578e-default-rtdb.firebaseio.com\",\"storageBucket\":\"portfolio-2578e.firebasestorage.app\"}","GCLOUD_PROJECT":"portfolio-2578e","EVENTARC_CLOUD_EVENT_SOURCE":"projects/portfolio-2578e/locations/us-central1/services/sendPortfolioEmail","FUNCTION_TARGET":"sendPortfolioEmail","LOG_EXECUTION_ID":"true"},"ingressSettings":"ALLOW_ALL","uri":"https://sendportfolioemail-znfxpa2cza-uc.a.run.app","serviceAccountEmail":"980239353589-compute@developer.gserviceaccount.com","availableMemory":"256Mi","allTrafficOnLatestRevision":true,"secretEnvironmentVariables":[{"key":"RESEND_API_KEY","projectId":"portfolio-2578e","secret":"RESEND_API_KEY","version":"2"}],"revision":"sendportfolioemail-00001-woj","maxInstanceRequestConcurrency":80,"availableCpu":"1"},"state":"ACTIVE","labels":{"deployment-tool":"cloudfunctions","firebase-functions-hash":"c1aa4a4374c36da393d41fffd8c1c07dd193de12"},"environment":"GEN_2","url":"https://us-central1-portfolio-2578e.cloudfunctions.net/sendPortfolioEmail","satisfiesPzi":true},"stages":[{"name":"BUILD","message":"Build in progress","state":"IN_PROGRESS","resource":"projects/980239353589/locations/us-central1/builds/cdb3dbe1-49a2-4668-8ef3-a004b81fbc7a","resourceUri":"https://console.cloud.google.com/cloud-build/builds;region=us-central1/cdb3dbe1-49a2-4668-8ef3-a004b81fbc7a?project=980239353589"},{"name":"SERVICE","state":"NOT_STARTED"}],"operationType":"UPDATE_FUNCTION","buildName":"projects/980239353589/locations/us-central1/builds/cdb3dbe1-49a2-4668-8ef3-a004b81fbc7a"},"done":false}
